<?xml version="1.0" encoding="UTF-8"?>
<!-- Generated by org.testng.reporters.JUnitXMLReporter -->
<testsuite ignored="2" hostname="BCXX042" failures="0" tests="1" name="Default test" time="12.714" errors="0" timestamp="2022-09-11T10:22:09 IST">
  <testcase classname="testcases.SimplilearnLoginTest" name="Test3" time="8.061"/>
  <testcase classname="testcases.SimplilearnLoginTest" name="Test1" time="0.0">
    <ignored/>
  </testcase> <!-- Test1 -->
  <testcase classname="testcases.SimplilearnLoginTest" name="Test2" time="0.0">
    <ignored/>
  </testcase> <!-- Test2 -->
</testsuite> <!-- Default test -->
