<?xml version="1.0" encoding="UTF-8"?>
<!-- Generated by org.testng.reporters.JUnitXMLReporter -->
<testsuite ignored="0" hostname="BCXX042" failures="0" tests="3" name="Test" time="42.302" errors="0" timestamp="18 Sep 2022 05:52:41 GMT">
  <testcase classname="testcases.SimplilearnLoginTest" name="Test1" time="10.247"/>
  <testcase classname="testcases.SimplilearnLoginTest" name="Test2" time="7.023"/>
  <testcase classname="testcases.SimplilearnLoginTest" name="Test3" time="6.345"/>
</testsuite> <!-- Test -->
