<?xml version="1.0" encoding="UTF-8"?>
<!-- Generated by org.testng.reporters.JUnitXMLReporter -->
<testsuite ignored="0" hostname="BCXX042" failures="0" tests="3" name="Test" time="35.018" errors="0" timestamp="18 Sep 2022 06:34:05 GMT">
  <testcase classname="testcases.SimplilearnLoginTest" name="Test1" time="10.021"/>
  <testcase classname="testcases.SimplilearnLoginTest" name="Test2" time="7.043"/>
  <testcase classname="testcases.SimplilearnLoginTest" name="Test3" time="6.767"/>
</testsuite> <!-- Test -->
