<?xml version="1.0" encoding="UTF-8"?>
<testng-results ignored="0" total="3" passed="3" failed="0" skipped="0">
  <reporter-output>
  </reporter-output>
  <suite started-at="2022-09-18T06:33:30Z" name="Suite" finished-at="2022-09-18T06:34:05Z" duration-ms="35018">
    <groups>
    </groups>
    <test started-at="2022-09-18T06:33:30Z" name="Test" finished-at="2022-09-18T06:34:05Z" duration-ms="35018">
      <class name="testcases.SimplilearnLoginTest">
        <test-method is-config="true" signature="DataSetup()[pri:0, instance:testcases.SimplilearnLoginTest@662706a7]" started-at="2022-09-18T06:33:30Z" name="DataSetup" finished-at="2022-09-18T06:33:31Z" duration-ms="925" status="PASS">
          <reporter-output>
          </reporter-output>
        </test-method> <!-- DataSetup -->
        <test-method is-config="true" signature="SetUp(java.lang.reflect.Method)[pri:0, instance:testcases.SimplilearnLoginTest@662706a7]" started-at="2022-09-18T06:33:31Z" name="SetUp" finished-at="2022-09-18T06:33:34Z" duration-ms="3510" status="PASS">
          <params>
            <param index="0">
              <value>
                <![CDATA[public void testcases.SimplilearnLoginTest.Test1()]]>
              </value>
            </param>
          </params>
          <reporter-output>
          </reporter-output>
        </test-method> <!-- SetUp -->
        <test-method signature="Test1()[pri:0, instance:testcases.SimplilearnLoginTest@662706a7]" started-at="2022-09-18T06:33:34Z" name="Test1" finished-at="2022-09-18T06:33:44Z" duration-ms="10021" status="PASS">
          <reporter-output>
          </reporter-output>
        </test-method> <!-- Test1 -->
        <test-method is-config="true" signature="TearDown()[pri:0, instance:testcases.SimplilearnLoginTest@662706a7]" started-at="2022-09-18T06:33:44Z" name="TearDown" finished-at="2022-09-18T06:33:45Z" duration-ms="219" status="PASS">
          <reporter-output>
          </reporter-output>
        </test-method> <!-- TearDown -->
        <test-method is-config="true" signature="SetUp(java.lang.reflect.Method)[pri:0, instance:testcases.SimplilearnLoginTest@662706a7]" started-at="2022-09-18T06:33:45Z" name="SetUp" finished-at="2022-09-18T06:33:48Z" duration-ms="2944" status="PASS">
          <params>
            <param index="0">
              <value>
                <![CDATA[public void testcases.SimplilearnLoginTest.Test2(java.lang.String,java.lang.String)]]>
              </value>
            </param>
          </params>
          <reporter-output>
          </reporter-output>
        </test-method> <!-- SetUp -->
        <test-method signature="Test2(java.lang.String, java.lang.String)[pri:0, instance:testcases.SimplilearnLoginTest@662706a7]" started-at="2022-09-18T06:33:48Z" name="Test2" finished-at="2022-09-18T06:33:55Z" duration-ms="7043" status="PASS">
          <params>
            <param index="0">
              <value>
                <![CDATA[abc@gmail.com]]>
              </value>
            </param>
            <param index="1">
              <value>
                <![CDATA[Abc@1234]]>
              </value>
            </param>
          </params>
          <reporter-output>
          </reporter-output>
        </test-method> <!-- Test2 -->
        <test-method is-config="true" signature="TearDown()[pri:0, instance:testcases.SimplilearnLoginTest@662706a7]" started-at="2022-09-18T06:33:55Z" name="TearDown" finished-at="2022-09-18T06:33:55Z" duration-ms="143" status="PASS">
          <reporter-output>
          </reporter-output>
        </test-method> <!-- TearDown -->
        <test-method is-config="true" signature="SetUp(java.lang.reflect.Method)[pri:0, instance:testcases.SimplilearnLoginTest@662706a7]" started-at="2022-09-18T06:33:55Z" name="SetUp" finished-at="2022-09-18T06:33:58Z" duration-ms="2784" status="PASS">
          <params>
            <param index="0">
              <value>
                <![CDATA[public void testcases.SimplilearnLoginTest.Test3()]]>
              </value>
            </param>
          </params>
          <reporter-output>
          </reporter-output>
        </test-method> <!-- SetUp -->
        <test-method signature="Test3()[pri:0, instance:testcases.SimplilearnLoginTest@662706a7]" started-at="2022-09-18T06:33:58Z" name="Test3" finished-at="2022-09-18T06:34:04Z" duration-ms="6767" status="PASS">
          <reporter-output>
          </reporter-output>
        </test-method> <!-- Test3 -->
        <test-method is-config="true" signature="TearDown()[pri:0, instance:testcases.SimplilearnLoginTest@662706a7]" started-at="2022-09-18T06:34:04Z" name="TearDown" finished-at="2022-09-18T06:34:05Z" duration-ms="197" status="PASS">
          <reporter-output>
          </reporter-output>
        </test-method> <!-- TearDown -->
        <test-method is-config="true" signature="DataClean()[pri:0, instance:testcases.SimplilearnLoginTest@662706a7]" started-at="2022-09-18T06:34:05Z" name="DataClean" finished-at="2022-09-18T06:34:05Z" duration-ms="432" status="PASS">
          <reporter-output>
          </reporter-output>
        </test-method> <!-- DataClean -->
      </class> <!-- testcases.SimplilearnLoginTest -->
    </test> <!-- Test -->
  </suite> <!-- Suite -->
</testng-results>
