<?xml version="1.0" encoding="UTF-8"?>
<testng-results ignored="2" total="3" passed="0" failed="1" skipped="0">
  <reporter-output>
  </reporter-output>
  <suite started-at="2022-09-18T05:52:52Z" name="Default suite" finished-at="2022-09-18T05:52:54Z" duration-ms="2049">
    <groups>
    </groups>
    <test started-at="2022-09-18T05:52:52Z" name="Default test" finished-at="2022-09-18T05:52:54Z" duration-ms="2049">
      <class name="testcases.SimplilearnLoginTest">
        <test-method is-config="true" signature="DataSetup()[pri:0, instance:testcases.SimplilearnLoginTest@4397ad89]" started-at="2022-09-18T05:52:52Z" name="DataSetup" finished-at="2022-09-18T05:52:54Z" duration-ms="1596" status="PASS">
          <reporter-output>
          </reporter-output>
        </test-method> <!-- DataSetup -->
        <test-method signature="Test2(java.lang.String, java.lang.String)[pri:0, instance:testcases.SimplilearnLoginTest@4397ad89]" started-at="2022-09-18T05:52:54Z" name="Test2" finished-at="2022-09-18T05:52:54Z" duration-ms="0" status="FAIL">
          <exception class="org.testng.TestNGException">
            <message>
              <![CDATA[
Parameter 'uname' is required by @Test on method Test2 but has not been marked @Optional or defined
in C:\Users\DELL\AppData\Local\Temp\testng-eclipse-2009042121\testng-customsuite.xml]]>
            </message>
            <full-stacktrace>
              <![CDATA[org.testng.TestNGException: 
Parameter 'uname' is required by @Test on method Test2 but has not been marked @Optional or defined
in C:\Users\DELL\AppData\Local\Temp\testng-eclipse-2009042121\testng-customsuite.xml
at org.testng.internal.Parameters.createParams(Parameters.java:290)
at org.testng.internal.Parameters.createParametersForMethod(Parameters.java:359)
at org.testng.internal.Parameters.createParameters(Parameters.java:620)
at org.testng.internal.Parameters.handleParameters(Parameters.java:769)
at org.testng.internal.ParameterHandler.handleParameters(ParameterHandler.java:49)
at org.testng.internal.ParameterHandler.createParameters(ParameterHandler.java:37)
at org.testng.internal.Invoker.invokeTestMethods(Invoker.java:924)
at org.testng.internal.TestMethodWorker.invokeTestMethods(TestMethodWorker.java:125)
at org.testng.internal.TestMethodWorker.run(TestMethodWorker.java:109)
at org.testng.TestRunner.privateRun(TestRunner.java:648)
at org.testng.TestRunner.run(TestRunner.java:505)
at org.testng.SuiteRunner.runTest(SuiteRunner.java:455)
at org.testng.SuiteRunner.runSequentially(SuiteRunner.java:450)
at org.testng.SuiteRunner.privateRun(SuiteRunner.java:415)
at org.testng.SuiteRunner.run(SuiteRunner.java:364)
at org.testng.SuiteRunnerWorker.runSuite(SuiteRunnerWorker.java:52)
at org.testng.SuiteRunnerWorker.run(SuiteRunnerWorker.java:84)
at org.testng.TestNG.runSuitesSequentially(TestNG.java:1208)
at org.testng.TestNG.runSuitesLocally(TestNG.java:1137)
at org.testng.TestNG.runSuites(TestNG.java:1049)
at org.testng.TestNG.run(TestNG.java:1017)
at org.testng.remote.AbstractRemoteTestNG.run(AbstractRemoteTestNG.java:115)
at org.testng.remote.RemoteTestNG.initAndRun(RemoteTestNG.java:251)
at org.testng.remote.RemoteTestNG.main(RemoteTestNG.java:77)
]]>
            </full-stacktrace>
          </exception> <!-- org.testng.TestNGException -->
          <reporter-output>
          </reporter-output>
        </test-method> <!-- Test2 -->
        <test-method is-config="true" signature="DataClean()[pri:0, instance:testcases.SimplilearnLoginTest@4397ad89]" started-at="2022-09-18T05:52:54Z" name="DataClean" finished-at="2022-09-18T05:52:54Z" duration-ms="428" status="PASS">
          <reporter-output>
          </reporter-output>
        </test-method> <!-- DataClean -->
      </class> <!-- testcases.SimplilearnLoginTest -->
    </test> <!-- Default test -->
  </suite> <!-- Default suite -->
</testng-results>
